0 info it worked if it ends with ok
1 verbose cli [ 'C:\\Program Files\\nodejs\\\\node.exe',
1 verbose cli   'C:\\Program Files\\nodejs\\node_modules\\npm\\bin\\npm-cli.js',
1 verbose cli   'install' ]
2 info using npm@1.2.14
3 info using node@v0.10.0
4 verbose node symlink C:\Program Files\nodejs\\node.exe
5 verbose read json C:\Users\User\Desktop\appTodoList\todo_task\package.json
6 verbose readDependencies using package.json deps
7 verbose install where, deps [ 'C:\\Users\\User\\Desktop\\appTodoList\\todo_task',
7 verbose install   [ '@clerk/nextjs',
7 verbose install     '@prisma/client',
7 verbose install     'axios',
7 verbose install     'clerk',
7 verbose install     'next',
7 verbose install     'react',
7 verbose install     'react-dom',
7 verbose install     'react-hot-toast',
7 verbose install     'styled-components',
7 verbose install     '@types/node',
7 verbose install     '@types/react',
7 verbose install     '@types/react-dom',
7 verbose install     'autoprefixer',
7 verbose install     'postcss',
7 verbose install     'prisma',
7 verbose install     'tailwindcss',
7 verbose install     'typescript' ] ]
8 verbose from cache C:\Users\User\Desktop\appTodoList\todo_task\package.json
9 info preinstall todo_task@0.1.0
10 verbose read json C:\Users\User\Desktop\appTodoList\todo_task\node_modules\@alloc\package.json
11 verbose read json C:\Users\User\Desktop\appTodoList\todo_task\node_modules\@clerk\package.json
12 verbose read json C:\Users\User\Desktop\appTodoList\todo_task\node_modules\@emotion\package.json
13 verbose read json C:\Users\User\Desktop\appTodoList\todo_task\node_modules\@isaacs\package.json
14 verbose read json C:\Users\User\Desktop\appTodoList\todo_task\node_modules\@jridgewell\package.json
15 verbose read json C:\Users\User\Desktop\appTodoList\todo_task\node_modules\@next\package.json
16 verbose read json C:\Users\User\Desktop\appTodoList\todo_task\node_modules\@nodelib\package.json
17 verbose read json C:\Users\User\Desktop\appTodoList\todo_task\node_modules\@peculiar\package.json
18 verbose read json C:\Users\User\Desktop\appTodoList\todo_task\node_modules\@pkgjs\package.json
19 verbose read json C:\Users\User\Desktop\appTodoList\todo_task\node_modules\@prisma\package.json
20 verbose read json C:\Users\User\Desktop\appTodoList\todo_task\node_modules\@swc\package.json
21 verbose read json C:\Users\User\Desktop\appTodoList\todo_task\node_modules\@types\package.json
22 verbose read json C:\Users\User\Desktop\appTodoList\todo_task\node_modules\ajv\package.json
23 verbose read json C:\Users\User\Desktop\appTodoList\todo_task\node_modules\ansi-regex\package.json
24 verbose read json C:\Users\User\Desktop\appTodoList\todo_task\node_modules\ansi-styles\package.json
25 verbose read json C:\Users\User\Desktop\appTodoList\todo_task\node_modules\any-promise\package.json
26 verbose read json C:\Users\User\Desktop\appTodoList\todo_task\node_modules\anymatch\package.json
27 verbose read json C:\Users\User\Desktop\appTodoList\todo_task\node_modules\arg\package.json
28 verbose read json C:\Users\User\Desktop\appTodoList\todo_task\node_modules\asn1\package.json
29 verbose read json C:\Users\User\Desktop\appTodoList\todo_task\node_modules\asn1js\package.json
30 verbose read json C:\Users\User\Desktop\appTodoList\todo_task\node_modules\assert-plus\package.json
31 verbose read json C:\Users\User\Desktop\appTodoList\todo_task\node_modules\async\package.json
32 verbose read json C:\Users\User\Desktop\appTodoList\todo_task\node_modules\asynckit\package.json
33 verbose read json C:\Users\User\Desktop\appTodoList\todo_task\node_modules\autoprefixer\package.json
34 verbose read json C:\Users\User\Desktop\appTodoList\todo_task\node_modules\aws-sign2\package.json
35 verbose read json C:\Users\User\Desktop\appTodoList\todo_task\node_modules\aws4\package.json
36 verbose read json C:\Users\User\Desktop\appTodoList\todo_task\node_modules\axios\package.json
37 verbose read json C:\Users\User\Desktop\appTodoList\todo_task\node_modules\balanced-match\package.json
38 verbose read json C:\Users\User\Desktop\appTodoList\todo_task\node_modules\bcrypt-pbkdf\package.json
39 verbose read json C:\Users\User\Desktop\appTodoList\todo_task\node_modules\binary-extensions\package.json
40 verbose read json C:\Users\User\Desktop\appTodoList\todo_task\node_modules\boom\package.json
41 verbose read json C:\Users\User\Desktop\appTodoList\todo_task\node_modules\brace-expansion\package.json
42 verbose read json C:\Users\User\Desktop\appTodoList\todo_task\node_modules\braces\package.json
43 verbose read json C:\Users\User\Desktop\appTodoList\todo_task\node_modules\browser-request\package.json
44 verbose read json C:\Users\User\Desktop\appTodoList\todo_task\node_modules\browserslist\package.json
45 verbose read json C:\Users\User\Desktop\appTodoList\todo_task\node_modules\busboy\package.json
46 verbose read json C:\Users\User\Desktop\appTodoList\todo_task\node_modules\camelcase\package.json
47 verbose read json C:\Users\User\Desktop\appTodoList\todo_task\node_modules\camelcase-css\package.json
48 verbose read json C:\Users\User\Desktop\appTodoList\todo_task\node_modules\camelcase-keys\package.json
49 verbose read json C:\Users\User\Desktop\appTodoList\todo_task\node_modules\camelize\package.json
50 verbose read json C:\Users\User\Desktop\appTodoList\todo_task\node_modules\caniuse-lite\package.json
51 verbose read json C:\Users\User\Desktop\appTodoList\todo_task\node_modules\caseless\package.json
52 verbose read json C:\Users\User\Desktop\appTodoList\todo_task\node_modules\chokidar\package.json
53 verbose read json C:\Users\User\Desktop\appTodoList\todo_task\node_modules\clerk\package.json
54 verbose read json C:\Users\User\Desktop\appTodoList\todo_task\node_modules\client-only\package.json
55 verbose read json C:\Users\User\Desktop\appTodoList\todo_task\node_modules\color-convert\package.json
56 verbose read json C:\Users\User\Desktop\appTodoList\todo_task\node_modules\color-name\package.json
57 verbose read json C:\Users\User\Desktop\appTodoList\todo_task\node_modules\combined-stream\package.json
58 verbose read json C:\Users\User\Desktop\appTodoList\todo_task\node_modules\commander\package.json
59 verbose read json C:\Users\User\Desktop\appTodoList\todo_task\node_modules\cookie\package.json
60 verbose read json C:\Users\User\Desktop\appTodoList\todo_task\node_modules\core-util-is\package.json
61 verbose read json C:\Users\User\Desktop\appTodoList\todo_task\node_modules\cross-spawn\package.json
62 verbose read json C:\Users\User\Desktop\appTodoList\todo_task\node_modules\cryptiles\package.json
63 verbose read json C:\Users\User\Desktop\appTodoList\todo_task\node_modules\css-color-keywords\package.json
64 verbose read json C:\Users\User\Desktop\appTodoList\todo_task\node_modules\css-to-react-native\package.json
65 verbose read json C:\Users\User\Desktop\appTodoList\todo_task\node_modules\cssesc\package.json
66 verbose read json C:\Users\User\Desktop\appTodoList\todo_task\node_modules\csstype\package.json
67 verbose read json C:\Users\User\Desktop\appTodoList\todo_task\node_modules\ctype\package.json
68 verbose read json C:\Users\User\Desktop\appTodoList\todo_task\node_modules\dashdash\package.json
69 verbose read json C:\Users\User\Desktop\appTodoList\todo_task\node_modules\debug\package.json
70 verbose read json C:\Users\User\Desktop\appTodoList\todo_task\node_modules\deepmerge\package.json
71 verbose read json C:\Users\User\Desktop\appTodoList\todo_task\node_modules\delayed-stream\package.json
72 verbose read json C:\Users\User\Desktop\appTodoList\todo_task\node_modules\didyoumean\package.json
73 verbose read json C:\Users\User\Desktop\appTodoList\todo_task\node_modules\dlv\package.json
74 verbose read json C:\Users\User\Desktop\appTodoList\todo_task\node_modules\dot-case\package.json
75 verbose read json C:\Users\User\Desktop\appTodoList\todo_task\node_modules\eastasianwidth\package.json
76 verbose read json C:\Users\User\Desktop\appTodoList\todo_task\node_modules\ecc-jsbn\package.json
77 verbose read json C:\Users\User\Desktop\appTodoList\todo_task\node_modules\electron-to-chromium\package.json
78 verbose read json C:\Users\User\Desktop\appTodoList\todo_task\node_modules\emoji-regex\package.json
79 verbose read json C:\Users\User\Desktop\appTodoList\todo_task\node_modules\escalade\package.json
80 verbose read json C:\Users\User\Desktop\appTodoList\todo_task\node_modules\extend\package.json
81 verbose read json C:\Users\User\Desktop\appTodoList\todo_task\node_modules\extsprintf\package.json
82 verbose read json C:\Users\User\Desktop\appTodoList\todo_task\node_modules\fast-deep-equal\package.json
83 verbose read json C:\Users\User\Desktop\appTodoList\todo_task\node_modules\fast-glob\package.json
84 verbose read json C:\Users\User\Desktop\appTodoList\todo_task\node_modules\fast-json-stable-stringify\package.json
85 verbose read json C:\Users\User\Desktop\appTodoList\todo_task\node_modules\fastq\package.json
86 verbose read json C:\Users\User\Desktop\appTodoList\todo_task\node_modules\fill-range\package.json
87 verbose read json C:\Users\User\Desktop\appTodoList\todo_task\node_modules\follow\package.json
88 verbose read json C:\Users\User\Desktop\appTodoList\todo_task\node_modules\follow-redirects\package.json
89 verbose read json C:\Users\User\Desktop\appTodoList\todo_task\node_modules\foreground-child\package.json
90 verbose read json C:\Users\User\Desktop\appTodoList\todo_task\node_modules\forever-agent\package.json
91 verbose read json C:\Users\User\Desktop\appTodoList\todo_task\node_modules\form-data\package.json
92 verbose read json C:\Users\User\Desktop\appTodoList\todo_task\node_modules\fraction.js\package.json
93 verbose read json C:\Users\User\Desktop\appTodoList\todo_task\node_modules\function-bind\package.json
94 verbose read json C:\Users\User\Desktop\appTodoList\todo_task\node_modules\getpass\package.json
95 verbose read json C:\Users\User\Desktop\appTodoList\todo_task\node_modules\glob\package.json
96 verbose read json C:\Users\User\Desktop\appTodoList\todo_task\node_modules\glob-parent\package.json
97 verbose read json C:\Users\User\Desktop\appTodoList\todo_task\node_modules\glob-to-regexp\package.json
98 verbose read json C:\Users\User\Desktop\appTodoList\todo_task\node_modules\goober\package.json
99 verbose read json C:\Users\User\Desktop\appTodoList\todo_task\node_modules\graceful-fs\package.json
100 verbose read json C:\Users\User\Desktop\appTodoList\todo_task\node_modules\har-schema\package.json
101 verbose read json C:\Users\User\Desktop\appTodoList\todo_task\node_modules\har-validator\package.json
102 verbose read json C:\Users\User\Desktop\appTodoList\todo_task\node_modules\hasown\package.json
103 verbose read json C:\Users\User\Desktop\appTodoList\todo_task\node_modules\hawk\package.json
104 verbose read json C:\Users\User\Desktop\appTodoList\todo_task\node_modules\hoek\package.json
105 verbose read json C:\Users\User\Desktop\appTodoList\todo_task\node_modules\http-signature\package.json
106 verbose read json C:\Users\User\Desktop\appTodoList\todo_task\node_modules\is-binary-path\package.json
107 verbose read json C:\Users\User\Desktop\appTodoList\todo_task\node_modules\is-core-module\package.json
108 verbose read json C:\Users\User\Desktop\appTodoList\todo_task\node_modules\is-extglob\package.json
109 verbose read json C:\Users\User\Desktop\appTodoList\todo_task\node_modules\is-fullwidth-code-point\package.json
110 verbose read json C:\Users\User\Desktop\appTodoList\todo_task\node_modules\is-glob\package.json
111 verbose read json C:\Users\User\Desktop\appTodoList\todo_task\node_modules\is-number\package.json
112 verbose read json C:\Users\User\Desktop\appTodoList\todo_task\node_modules\is-typedarray\package.json
113 verbose read json C:\Users\User\Desktop\appTodoList\todo_task\node_modules\isexe\package.json
114 verbose read json C:\Users\User\Desktop\appTodoList\todo_task\node_modules\isstream\package.json
115 verbose read json C:\Users\User\Desktop\appTodoList\todo_task\node_modules\jackspeak\package.json
116 verbose read json C:\Users\User\Desktop\appTodoList\todo_task\node_modules\jiti\package.json
117 verbose read json C:\Users\User\Desktop\appTodoList\todo_task\node_modules\js-cookie\package.json
118 verbose read json C:\Users\User\Desktop\appTodoList\todo_task\node_modules\js-tokens\package.json
119 verbose read json C:\Users\User\Desktop\appTodoList\todo_task\node_modules\jsbn\package.json
120 verbose read json C:\Users\User\Desktop\appTodoList\todo_task\node_modules\json-schema\package.json
121 verbose read json C:\Users\User\Desktop\appTodoList\todo_task\node_modules\json-schema-traverse\package.json
122 verbose read json C:\Users\User\Desktop\appTodoList\todo_task\node_modules\json-stringify-safe\package.json
123 verbose read json C:\Users\User\Desktop\appTodoList\todo_task\node_modules\jsprim\package.json
124 verbose read json C:\Users\User\Desktop\appTodoList\todo_task\node_modules\lilconfig\package.json
125 verbose read json C:\Users\User\Desktop\appTodoList\todo_task\node_modules\lines-and-columns\package.json
126 verbose read json C:\Users\User\Desktop\appTodoList\todo_task\node_modules\loose-envify\package.json
127 verbose read json C:\Users\User\Desktop\appTodoList\todo_task\node_modules\lower-case\package.json
128 verbose read json C:\Users\User\Desktop\appTodoList\todo_task\node_modules\lru-cache\package.json
129 verbose read json C:\Users\User\Desktop\appTodoList\todo_task\node_modules\map-obj\package.json
130 verbose read json C:\Users\User\Desktop\appTodoList\todo_task\node_modules\merge2\package.json
131 verbose read json C:\Users\User\Desktop\appTodoList\todo_task\node_modules\micromatch\package.json
132 verbose read json C:\Users\User\Desktop\appTodoList\todo_task\node_modules\mime\package.json
133 verbose read json C:\Users\User\Desktop\appTodoList\todo_task\node_modules\mime-db\package.json
134 verbose read json C:\Users\User\Desktop\appTodoList\todo_task\node_modules\mime-types\package.json
135 verbose read json C:\Users\User\Desktop\appTodoList\todo_task\node_modules\minimatch\package.json
136 verbose read json C:\Users\User\Desktop\appTodoList\todo_task\node_modules\minipass\package.json
137 verbose read json C:\Users\User\Desktop\appTodoList\todo_task\node_modules\mz\package.json
138 verbose read json C:\Users\User\Desktop\appTodoList\todo_task\node_modules\nanoid\package.json
139 verbose read json C:\Users\User\Desktop\appTodoList\todo_task\node_modules\next\package.json
140 verbose read json C:\Users\User\Desktop\appTodoList\todo_task\node_modules\no-case\package.json
141 verbose read json C:\Users\User\Desktop\appTodoList\todo_task\node_modules\node-fetch-native\package.json
142 verbose read json C:\Users\User\Desktop\appTodoList\todo_task\node_modules\node-releases\package.json
143 verbose read json C:\Users\User\Desktop\appTodoList\todo_task\node_modules\node-uuid\package.json
144 verbose read json C:\Users\User\Desktop\appTodoList\todo_task\node_modules\normalize-path\package.json
145 verbose read json C:\Users\User\Desktop\appTodoList\todo_task\node_modules\normalize-range\package.json
146 verbose read json C:\Users\User\Desktop\appTodoList\todo_task\node_modules\oauth-sign\package.json
147 verbose read json C:\Users\User\Desktop\appTodoList\todo_task\node_modules\object-assign\package.json
148 verbose read json C:\Users\User\Desktop\appTodoList\todo_task\node_modules\object-hash\package.json
149 verbose read json C:\Users\User\Desktop\appTodoList\todo_task\node_modules\path-key\package.json
150 verbose read json C:\Users\User\Desktop\appTodoList\todo_task\node_modules\path-parse\package.json
151 verbose read json C:\Users\User\Desktop\appTodoList\todo_task\node_modules\path-scurry\package.json
152 verbose read json C:\Users\User\Desktop\appTodoList\todo_task\node_modules\path-to-regexp\package.json
153 verbose read json C:\Users\User\Desktop\appTodoList\todo_task\node_modules\performance-now\package.json
154 verbose read json C:\Users\User\Desktop\appTodoList\todo_task\node_modules\picocolors\package.json
155 verbose read json C:\Users\User\Desktop\appTodoList\todo_task\node_modules\picomatch\package.json
156 verbose read json C:\Users\User\Desktop\appTodoList\todo_task\node_modules\pify\package.json
157 verbose read json C:\Users\User\Desktop\appTodoList\todo_task\node_modules\pirates\package.json
158 verbose read json C:\Users\User\Desktop\appTodoList\todo_task\node_modules\postcss\package.json
159 verbose read json C:\Users\User\Desktop\appTodoList\todo_task\node_modules\postcss-import\package.json
160 verbose read json C:\Users\User\Desktop\appTodoList\todo_task\node_modules\postcss-js\package.json
161 verbose read json C:\Users\User\Desktop\appTodoList\todo_task\node_modules\postcss-load-config\package.json
162 verbose read json C:\Users\User\Desktop\appTodoList\todo_task\node_modules\postcss-nested\package.json
163 verbose read json C:\Users\User\Desktop\appTodoList\todo_task\node_modules\postcss-selector-parser\package.json
164 verbose read json C:\Users\User\Desktop\appTodoList\todo_task\node_modules\postcss-value-parser\package.json
165 verbose read json C:\Users\User\Desktop\appTodoList\todo_task\node_modules\prisma\package.json
166 verbose read json C:\Users\User\Desktop\appTodoList\todo_task\node_modules\proxy-from-env\package.json
167 verbose read json C:\Users\User\Desktop\appTodoList\todo_task\node_modules\psl\package.json
168 verbose read json C:\Users\User\Desktop\appTodoList\todo_task\node_modules\punycode\package.json
169 verbose read json C:\Users\User\Desktop\appTodoList\todo_task\node_modules\pvtsutils\package.json
170 verbose read json C:\Users\User\Desktop\appTodoList\todo_task\node_modules\pvutils\package.json
171 verbose read json C:\Users\User\Desktop\appTodoList\todo_task\node_modules\qs\package.json
172 verbose read json C:\Users\User\Desktop\appTodoList\todo_task\node_modules\queue-microtask\package.json
173 verbose read json C:\Users\User\Desktop\appTodoList\todo_task\node_modules\quick-lru\package.json
174 verbose read json C:\Users\User\Desktop\appTodoList\todo_task\node_modules\react\package.json
175 verbose read json C:\Users\User\Desktop\appTodoList\todo_task\node_modules\react-dom\package.json
176 verbose read json C:\Users\User\Desktop\appTodoList\todo_task\node_modules\react-hot-toast\package.json
177 verbose read json C:\Users\User\Desktop\appTodoList\todo_task\node_modules\read-cache\package.json
178 verbose read json C:\Users\User\Desktop\appTodoList\todo_task\node_modules\readdirp\package.json
179 verbose read json C:\Users\User\Desktop\appTodoList\todo_task\node_modules\request\package.json
180 verbose read json C:\Users\User\Desktop\appTodoList\todo_task\node_modules\resolve\package.json
181 verbose read json C:\Users\User\Desktop\appTodoList\todo_task\node_modules\reusify\package.json
182 verbose read json C:\Users\User\Desktop\appTodoList\todo_task\node_modules\run-parallel\package.json
183 verbose read json C:\Users\User\Desktop\appTodoList\todo_task\node_modules\safe-buffer\package.json
184 verbose read json C:\Users\User\Desktop\appTodoList\todo_task\node_modules\safer-buffer\package.json
185 verbose read json C:\Users\User\Desktop\appTodoList\todo_task\node_modules\scheduler\package.json
186 verbose read json C:\Users\User\Desktop\appTodoList\todo_task\node_modules\shallowequal\package.json
187 verbose read json C:\Users\User\Desktop\appTodoList\todo_task\node_modules\shebang-command\package.json
188 verbose read json C:\Users\User\Desktop\appTodoList\todo_task\node_modules\shebang-regex\package.json
189 verbose read json C:\Users\User\Desktop\appTodoList\todo_task\node_modules\signal-exit\package.json
190 verbose read json C:\Users\User\Desktop\appTodoList\todo_task\node_modules\snake-case\package.json
191 verbose read json C:\Users\User\Desktop\appTodoList\todo_task\node_modules\snakecase-keys\package.json
192 verbose read json C:\Users\User\Desktop\appTodoList\todo_task\node_modules\sntp\package.json
193 verbose read json C:\Users\User\Desktop\appTodoList\todo_task\node_modules\source-map-js\package.json
194 verbose read json C:\Users\User\Desktop\appTodoList\todo_task\node_modules\sshpk\package.json
195 verbose read json C:\Users\User\Desktop\appTodoList\todo_task\node_modules\streamsearch\package.json
196 verbose read json C:\Users\User\Desktop\appTodoList\todo_task\node_modules\string-width\package.json
197 verbose read json C:\Users\User\Desktop\appTodoList\todo_task\node_modules\string-width-cjs\package.json
198 verbose read json C:\Users\User\Desktop\appTodoList\todo_task\node_modules\strip-ansi\package.json
199 verbose read json C:\Users\User\Desktop\appTodoList\todo_task\node_modules\strip-ansi-cjs\package.json
200 verbose read json C:\Users\User\Desktop\appTodoList\todo_task\node_modules\styled-components\package.json
201 verbose read json C:\Users\User\Desktop\appTodoList\todo_task\node_modules\styled-jsx\package.json
202 verbose read json C:\Users\User\Desktop\appTodoList\todo_task\node_modules\stylis\package.json
203 verbose read json C:\Users\User\Desktop\appTodoList\todo_task\node_modules\sucrase\package.json
204 verbose read json C:\Users\User\Desktop\appTodoList\todo_task\node_modules\supports-preserve-symlinks-flag\package.json
205 verbose read json C:\Users\User\Desktop\appTodoList\todo_task\node_modules\swr\package.json
206 verbose read json C:\Users\User\Desktop\appTodoList\todo_task\node_modules\tailwindcss\package.json
207 verbose read json C:\Users\User\Desktop\appTodoList\todo_task\node_modules\thenify\package.json
208 verbose read json C:\Users\User\Desktop\appTodoList\todo_task\node_modules\thenify-all\package.json
209 verbose read json C:\Users\User\Desktop\appTodoList\todo_task\node_modules\to-no-case\package.json
210 verbose read json C:\Users\User\Desktop\appTodoList\todo_task\node_modules\to-regex-range\package.json
211 verbose read json C:\Users\User\Desktop\appTodoList\todo_task\node_modules\to-snake-case\package.json
212 verbose read json C:\Users\User\Desktop\appTodoList\todo_task\node_modules\to-space-case\package.json
213 verbose read json C:\Users\User\Desktop\appTodoList\todo_task\node_modules\tough-cookie\package.json
214 verbose read json C:\Users\User\Desktop\appTodoList\todo_task\node_modules\ts-interface-checker\package.json
215 verbose read json C:\Users\User\Desktop\appTodoList\todo_task\node_modules\tslib\package.json
216 verbose read json C:\Users\User\Desktop\appTodoList\todo_task\node_modules\tunnel-agent\package.json
217 verbose read json C:\Users\User\Desktop\appTodoList\todo_task\node_modules\tweetnacl\package.json
218 verbose read json C:\Users\User\Desktop\appTodoList\todo_task\node_modules\type-fest\package.json
219 verbose read json C:\Users\User\Desktop\appTodoList\todo_task\node_modules\typescript\package.json
220 verbose read json C:\Users\User\Desktop\appTodoList\todo_task\node_modules\undici-types\package.json
221 verbose read json C:\Users\User\Desktop\appTodoList\todo_task\node_modules\update-browserslist-db\package.json
222 verbose read json C:\Users\User\Desktop\appTodoList\todo_task\node_modules\uri-js\package.json
223 verbose read json C:\Users\User\Desktop\appTodoList\todo_task\node_modules\use-sync-external-store\package.json
224 verbose read json C:\Users\User\Desktop\appTodoList\todo_task\node_modules\util-deprecate\package.json
225 verbose read json C:\Users\User\Desktop\appTodoList\todo_task\node_modules\uuid\package.json
226 verbose read json C:\Users\User\Desktop\appTodoList\todo_task\node_modules\verror\package.json
227 verbose read json C:\Users\User\Desktop\appTodoList\todo_task\node_modules\webcrypto-core\package.json
228 verbose read json C:\Users\User\Desktop\appTodoList\todo_task\node_modules\which\package.json
229 verbose read json C:\Users\User\Desktop\appTodoList\todo_task\node_modules\wrap-ansi\package.json
230 verbose read json C:\Users\User\Desktop\appTodoList\todo_task\node_modules\wrap-ansi-cjs\package.json
231 verbose read json C:\Users\User\Desktop\appTodoList\todo_task\node_modules\yaml\package.json
232 warn package.json client-only@0.0.1 No README.md file found!
233 verbose from cache C:\Users\User\Desktop\appTodoList\todo_task\package.json
234 verbose readDependencies using package.json deps
235 verbose read json C:\Users\User\Desktop\appTodoList\todo_task\node_modules\@alloc\package.json
236 verbose read json C:\Users\User\Desktop\appTodoList\todo_task\node_modules\@clerk\package.json
237 verbose read json C:\Users\User\Desktop\appTodoList\todo_task\node_modules\@emotion\package.json
238 verbose read json C:\Users\User\Desktop\appTodoList\todo_task\node_modules\@isaacs\package.json
239 verbose read json C:\Users\User\Desktop\appTodoList\todo_task\node_modules\@jridgewell\package.json
240 verbose read json C:\Users\User\Desktop\appTodoList\todo_task\node_modules\@next\package.json
241 verbose read json C:\Users\User\Desktop\appTodoList\todo_task\node_modules\@nodelib\package.json
242 verbose read json C:\Users\User\Desktop\appTodoList\todo_task\node_modules\@peculiar\package.json
243 verbose read json C:\Users\User\Desktop\appTodoList\todo_task\node_modules\@pkgjs\package.json
244 verbose read json C:\Users\User\Desktop\appTodoList\todo_task\node_modules\@prisma\package.json
245 verbose read json C:\Users\User\Desktop\appTodoList\todo_task\node_modules\@swc\package.json
246 verbose read json C:\Users\User\Desktop\appTodoList\todo_task\node_modules\@types\package.json
247 verbose from cache C:\Users\User\Desktop\appTodoList\todo_task\node_modules\ajv\package.json
248 verbose from cache C:\Users\User\Desktop\appTodoList\todo_task\node_modules\ansi-regex\package.json
249 verbose from cache C:\Users\User\Desktop\appTodoList\todo_task\node_modules\ansi-styles\package.json
250 verbose from cache C:\Users\User\Desktop\appTodoList\todo_task\node_modules\any-promise\package.json
251 verbose from cache C:\Users\User\Desktop\appTodoList\todo_task\node_modules\anymatch\package.json
252 verbose from cache C:\Users\User\Desktop\appTodoList\todo_task\node_modules\arg\package.json
253 verbose from cache C:\Users\User\Desktop\appTodoList\todo_task\node_modules\asn1\package.json
254 verbose from cache C:\Users\User\Desktop\appTodoList\todo_task\node_modules\asn1js\package.json
255 verbose from cache C:\Users\User\Desktop\appTodoList\todo_task\node_modules\assert-plus\package.json
256 verbose from cache C:\Users\User\Desktop\appTodoList\todo_task\node_modules\async\package.json
257 verbose from cache C:\Users\User\Desktop\appTodoList\todo_task\node_modules\asynckit\package.json
258 verbose from cache C:\Users\User\Desktop\appTodoList\todo_task\node_modules\autoprefixer\package.json
259 verbose from cache C:\Users\User\Desktop\appTodoList\todo_task\node_modules\aws-sign2\package.json
260 verbose from cache C:\Users\User\Desktop\appTodoList\todo_task\node_modules\aws4\package.json
261 verbose from cache C:\Users\User\Desktop\appTodoList\todo_task\node_modules\axios\package.json
262 verbose from cache C:\Users\User\Desktop\appTodoList\todo_task\node_modules\balanced-match\package.json
263 verbose from cache C:\Users\User\Desktop\appTodoList\todo_task\node_modules\bcrypt-pbkdf\package.json
264 verbose from cache C:\Users\User\Desktop\appTodoList\todo_task\node_modules\binary-extensions\package.json
265 verbose from cache C:\Users\User\Desktop\appTodoList\todo_task\node_modules\boom\package.json
266 verbose from cache C:\Users\User\Desktop\appTodoList\todo_task\node_modules\brace-expansion\package.json
267 verbose from cache C:\Users\User\Desktop\appTodoList\todo_task\node_modules\braces\package.json
268 verbose from cache C:\Users\User\Desktop\appTodoList\todo_task\node_modules\browser-request\package.json
269 verbose from cache C:\Users\User\Desktop\appTodoList\todo_task\node_modules\browserslist\package.json
270 verbose from cache C:\Users\User\Desktop\appTodoList\todo_task\node_modules\busboy\package.json
271 verbose from cache C:\Users\User\Desktop\appTodoList\todo_task\node_modules\camelcase\package.json
272 verbose from cache C:\Users\User\Desktop\appTodoList\todo_task\node_modules\camelcase-css\package.json
273 verbose from cache C:\Users\User\Desktop\appTodoList\todo_task\node_modules\camelcase-keys\package.json
274 verbose from cache C:\Users\User\Desktop\appTodoList\todo_task\node_modules\camelize\package.json
275 verbose from cache C:\Users\User\Desktop\appTodoList\todo_task\node_modules\caniuse-lite\package.json
276 verbose from cache C:\Users\User\Desktop\appTodoList\todo_task\node_modules\caseless\package.json
277 verbose from cache C:\Users\User\Desktop\appTodoList\todo_task\node_modules\chokidar\package.json
278 verbose from cache C:\Users\User\Desktop\appTodoList\todo_task\node_modules\clerk\package.json
279 verbose from cache C:\Users\User\Desktop\appTodoList\todo_task\node_modules\client-only\package.json
280 verbose from cache C:\Users\User\Desktop\appTodoList\todo_task\node_modules\color-convert\package.json
281 verbose from cache C:\Users\User\Desktop\appTodoList\todo_task\node_modules\color-name\package.json
282 verbose from cache C:\Users\User\Desktop\appTodoList\todo_task\node_modules\combined-stream\package.json
283 verbose from cache C:\Users\User\Desktop\appTodoList\todo_task\node_modules\commander\package.json
284 verbose from cache C:\Users\User\Desktop\appTodoList\todo_task\node_modules\cookie\package.json
285 verbose from cache C:\Users\User\Desktop\appTodoList\todo_task\node_modules\core-util-is\package.json
286 verbose from cache C:\Users\User\Desktop\appTodoList\todo_task\node_modules\cross-spawn\package.json
287 verbose from cache C:\Users\User\Desktop\appTodoList\todo_task\node_modules\cryptiles\package.json
288 verbose from cache C:\Users\User\Desktop\appTodoList\todo_task\node_modules\css-color-keywords\package.json
289 verbose from cache C:\Users\User\Desktop\appTodoList\todo_task\node_modules\css-to-react-native\package.json
290 verbose from cache C:\Users\User\Desktop\appTodoList\todo_task\node_modules\cssesc\package.json
291 verbose from cache C:\Users\User\Desktop\appTodoList\todo_task\node_modules\csstype\package.json
292 verbose from cache C:\Users\User\Desktop\appTodoList\todo_task\node_modules\ctype\package.json
293 verbose from cache C:\Users\User\Desktop\appTodoList\todo_task\node_modules\dashdash\package.json
294 verbose from cache C:\Users\User\Desktop\appTodoList\todo_task\node_modules\debug\package.json
295 verbose from cache C:\Users\User\Desktop\appTodoList\todo_task\node_modules\deepmerge\package.json
296 verbose from cache C:\Users\User\Desktop\appTodoList\todo_task\node_modules\delayed-stream\package.json
297 verbose from cache C:\Users\User\Desktop\appTodoList\todo_task\node_modules\didyoumean\package.json
298 verbose from cache C:\Users\User\Desktop\appTodoList\todo_task\node_modules\dlv\package.json
299 verbose from cache C:\Users\User\Desktop\appTodoList\todo_task\node_modules\dot-case\package.json
300 verbose from cache C:\Users\User\Desktop\appTodoList\todo_task\node_modules\eastasianwidth\package.json
301 verbose from cache C:\Users\User\Desktop\appTodoList\todo_task\node_modules\ecc-jsbn\package.json
302 verbose from cache C:\Users\User\Desktop\appTodoList\todo_task\node_modules\electron-to-chromium\package.json
303 verbose from cache C:\Users\User\Desktop\appTodoList\todo_task\node_modules\emoji-regex\package.json
304 verbose from cache C:\Users\User\Desktop\appTodoList\todo_task\node_modules\escalade\package.json
305 verbose from cache C:\Users\User\Desktop\appTodoList\todo_task\node_modules\extend\package.json
306 verbose from cache C:\Users\User\Desktop\appTodoList\todo_task\node_modules\extsprintf\package.json
307 verbose from cache C:\Users\User\Desktop\appTodoList\todo_task\node_modules\fast-deep-equal\package.json
308 verbose from cache C:\Users\User\Desktop\appTodoList\todo_task\node_modules\fast-glob\package.json
309 verbose from cache C:\Users\User\Desktop\appTodoList\todo_task\node_modules\fast-json-stable-stringify\package.json
310 verbose from cache C:\Users\User\Desktop\appTodoList\todo_task\node_modules\fastq\package.json
311 verbose from cache C:\Users\User\Desktop\appTodoList\todo_task\node_modules\fill-range\package.json
312 verbose from cache C:\Users\User\Desktop\appTodoList\todo_task\node_modules\follow\package.json
313 verbose from cache C:\Users\User\Desktop\appTodoList\todo_task\node_modules\follow-redirects\package.json
314 verbose from cache C:\Users\User\Desktop\appTodoList\todo_task\node_modules\foreground-child\package.json
315 verbose from cache C:\Users\User\Desktop\appTodoList\todo_task\node_modules\forever-agent\package.json
316 verbose from cache C:\Users\User\Desktop\appTodoList\todo_task\node_modules\form-data\package.json
317 verbose from cache C:\Users\User\Desktop\appTodoList\todo_task\node_modules\fraction.js\package.json
318 verbose from cache C:\Users\User\Desktop\appTodoList\todo_task\node_modules\function-bind\package.json
319 verbose from cache C:\Users\User\Desktop\appTodoList\todo_task\node_modules\getpass\package.json
320 verbose from cache C:\Users\User\Desktop\appTodoList\todo_task\node_modules\glob\package.json
321 verbose from cache C:\Users\User\Desktop\appTodoList\todo_task\node_modules\glob-parent\package.json
322 verbose from cache C:\Users\User\Desktop\appTodoList\todo_task\node_modules\glob-to-regexp\package.json
323 verbose from cache C:\Users\User\Desktop\appTodoList\todo_task\node_modules\goober\package.json
324 verbose from cache C:\Users\User\Desktop\appTodoList\todo_task\node_modules\graceful-fs\package.json
325 verbose from cache C:\Users\User\Desktop\appTodoList\todo_task\node_modules\har-schema\package.json
326 verbose from cache C:\Users\User\Desktop\appTodoList\todo_task\node_modules\har-validator\package.json
327 verbose from cache C:\Users\User\Desktop\appTodoList\todo_task\node_modules\hasown\package.json
328 verbose from cache C:\Users\User\Desktop\appTodoList\todo_task\node_modules\hawk\package.json
329 verbose from cache C:\Users\User\Desktop\appTodoList\todo_task\node_modules\hoek\package.json
330 verbose from cache C:\Users\User\Desktop\appTodoList\todo_task\node_modules\http-signature\package.json
331 verbose from cache C:\Users\User\Desktop\appTodoList\todo_task\node_modules\is-binary-path\package.json
332 verbose from cache C:\Users\User\Desktop\appTodoList\todo_task\node_modules\is-core-module\package.json
333 verbose from cache C:\Users\User\Desktop\appTodoList\todo_task\node_modules\is-extglob\package.json
334 verbose from cache C:\Users\User\Desktop\appTodoList\todo_task\node_modules\is-fullwidth-code-point\package.json
335 verbose from cache C:\Users\User\Desktop\appTodoList\todo_task\node_modules\is-glob\package.json
336 verbose from cache C:\Users\User\Desktop\appTodoList\todo_task\node_modules\is-number\package.json
337 verbose from cache C:\Users\User\Desktop\appTodoList\todo_task\node_modules\is-typedarray\package.json
338 verbose from cache C:\Users\User\Desktop\appTodoList\todo_task\node_modules\isexe\package.json
339 verbose from cache C:\Users\User\Desktop\appTodoList\todo_task\node_modules\isstream\package.json
340 verbose from cache C:\Users\User\Desktop\appTodoList\todo_task\node_modules\jackspeak\package.json
341 verbose from cache C:\Users\User\Desktop\appTodoList\todo_task\node_modules\jiti\package.json
342 verbose from cache C:\Users\User\Desktop\appTodoList\todo_task\node_modules\js-cookie\package.json
343 verbose from cache C:\Users\User\Desktop\appTodoList\todo_task\node_modules\js-tokens\package.json
344 verbose from cache C:\Users\User\Desktop\appTodoList\todo_task\node_modules\jsbn\package.json
345 verbose from cache C:\Users\User\Desktop\appTodoList\todo_task\node_modules\json-schema\package.json
346 verbose from cache C:\Users\User\Desktop\appTodoList\todo_task\node_modules\json-schema-traverse\package.json
347 verbose from cache C:\Users\User\Desktop\appTodoList\todo_task\node_modules\json-stringify-safe\package.json
348 verbose from cache C:\Users\User\Desktop\appTodoList\todo_task\node_modules\jsprim\package.json
349 verbose from cache C:\Users\User\Desktop\appTodoList\todo_task\node_modules\lilconfig\package.json
350 verbose from cache C:\Users\User\Desktop\appTodoList\todo_task\node_modules\lines-and-columns\package.json
351 verbose from cache C:\Users\User\Desktop\appTodoList\todo_task\node_modules\loose-envify\package.json
352 verbose from cache C:\Users\User\Desktop\appTodoList\todo_task\node_modules\lower-case\package.json
353 verbose from cache C:\Users\User\Desktop\appTodoList\todo_task\node_modules\lru-cache\package.json
354 verbose from cache C:\Users\User\Desktop\appTodoList\todo_task\node_modules\map-obj\package.json
355 verbose from cache C:\Users\User\Desktop\appTodoList\todo_task\node_modules\merge2\package.json
356 verbose from cache C:\Users\User\Desktop\appTodoList\todo_task\node_modules\micromatch\package.json
357 verbose from cache C:\Users\User\Desktop\appTodoList\todo_task\node_modules\mime\package.json
358 verbose from cache C:\Users\User\Desktop\appTodoList\todo_task\node_modules\mime-db\package.json
359 verbose from cache C:\Users\User\Desktop\appTodoList\todo_task\node_modules\mime-types\package.json
360 verbose from cache C:\Users\User\Desktop\appTodoList\todo_task\node_modules\minimatch\package.json
361 verbose from cache C:\Users\User\Desktop\appTodoList\todo_task\node_modules\minipass\package.json
362 verbose from cache C:\Users\User\Desktop\appTodoList\todo_task\node_modules\mz\package.json
363 verbose from cache C:\Users\User\Desktop\appTodoList\todo_task\node_modules\nanoid\package.json
364 verbose from cache C:\Users\User\Desktop\appTodoList\todo_task\node_modules\next\package.json
365 verbose from cache C:\Users\User\Desktop\appTodoList\todo_task\node_modules\no-case\package.json
366 verbose from cache C:\Users\User\Desktop\appTodoList\todo_task\node_modules\node-fetch-native\package.json
367 verbose from cache C:\Users\User\Desktop\appTodoList\todo_task\node_modules\node-releases\package.json
368 verbose from cache C:\Users\User\Desktop\appTodoList\todo_task\node_modules\node-uuid\package.json
369 verbose from cache C:\Users\User\Desktop\appTodoList\todo_task\node_modules\normalize-path\package.json
370 verbose from cache C:\Users\User\Desktop\appTodoList\todo_task\node_modules\normalize-range\package.json
371 verbose from cache C:\Users\User\Desktop\appTodoList\todo_task\node_modules\oauth-sign\package.json
372 verbose from cache C:\Users\User\Desktop\appTodoList\todo_task\node_modules\object-assign\package.json
373 verbose from cache C:\Users\User\Desktop\appTodoList\todo_task\node_modules\object-hash\package.json
374 verbose from cache C:\Users\User\Desktop\appTodoList\todo_task\node_modules\path-key\package.json
375 verbose from cache C:\Users\User\Desktop\appTodoList\todo_task\node_modules\path-parse\package.json
376 verbose from cache C:\Users\User\Desktop\appTodoList\todo_task\node_modules\path-scurry\package.json
377 verbose from cache C:\Users\User\Desktop\appTodoList\todo_task\node_modules\path-to-regexp\package.json
378 verbose from cache C:\Users\User\Desktop\appTodoList\todo_task\node_modules\performance-now\package.json
379 verbose from cache C:\Users\User\Desktop\appTodoList\todo_task\node_modules\picocolors\package.json
380 verbose from cache C:\Users\User\Desktop\appTodoList\todo_task\node_modules\picomatch\package.json
381 verbose from cache C:\Users\User\Desktop\appTodoList\todo_task\node_modules\pify\package.json
382 verbose from cache C:\Users\User\Desktop\appTodoList\todo_task\node_modules\pirates\package.json
383 verbose from cache C:\Users\User\Desktop\appTodoList\todo_task\node_modules\postcss\package.json
384 verbose from cache C:\Users\User\Desktop\appTodoList\todo_task\node_modules\postcss-import\package.json
385 verbose from cache C:\Users\User\Desktop\appTodoList\todo_task\node_modules\postcss-js\package.json
386 verbose from cache C:\Users\User\Desktop\appTodoList\todo_task\node_modules\postcss-load-config\package.json
387 verbose from cache C:\Users\User\Desktop\appTodoList\todo_task\node_modules\postcss-nested\package.json
388 verbose from cache C:\Users\User\Desktop\appTodoList\todo_task\node_modules\postcss-selector-parser\package.json
389 verbose from cache C:\Users\User\Desktop\appTodoList\todo_task\node_modules\postcss-value-parser\package.json
390 verbose from cache C:\Users\User\Desktop\appTodoList\todo_task\node_modules\prisma\package.json
391 verbose from cache C:\Users\User\Desktop\appTodoList\todo_task\node_modules\proxy-from-env\package.json
392 verbose from cache C:\Users\User\Desktop\appTodoList\todo_task\node_modules\psl\package.json
393 verbose from cache C:\Users\User\Desktop\appTodoList\todo_task\node_modules\punycode\package.json
394 verbose from cache C:\Users\User\Desktop\appTodoList\todo_task\node_modules\pvtsutils\package.json
395 verbose from cache C:\Users\User\Desktop\appTodoList\todo_task\node_modules\pvutils\package.json
396 verbose from cache C:\Users\User\Desktop\appTodoList\todo_task\node_modules\qs\package.json
397 verbose from cache C:\Users\User\Desktop\appTodoList\todo_task\node_modules\queue-microtask\package.json
398 verbose from cache C:\Users\User\Desktop\appTodoList\todo_task\node_modules\quick-lru\package.json
399 verbose from cache C:\Users\User\Desktop\appTodoList\todo_task\node_modules\react\package.json
400 verbose from cache C:\Users\User\Desktop\appTodoList\todo_task\node_modules\react-dom\package.json
401 verbose from cache C:\Users\User\Desktop\appTodoList\todo_task\node_modules\react-hot-toast\package.json
402 verbose from cache C:\Users\User\Desktop\appTodoList\todo_task\node_modules\read-cache\package.json
403 verbose from cache C:\Users\User\Desktop\appTodoList\todo_task\node_modules\readdirp\package.json
404 verbose from cache C:\Users\User\Desktop\appTodoList\todo_task\node_modules\request\package.json
405 verbose from cache C:\Users\User\Desktop\appTodoList\todo_task\node_modules\resolve\package.json
406 verbose from cache C:\Users\User\Desktop\appTodoList\todo_task\node_modules\reusify\package.json
407 verbose from cache C:\Users\User\Desktop\appTodoList\todo_task\node_modules\run-parallel\package.json
408 verbose from cache C:\Users\User\Desktop\appTodoList\todo_task\node_modules\safe-buffer\package.json
409 verbose from cache C:\Users\User\Desktop\appTodoList\todo_task\node_modules\safer-buffer\package.json
410 verbose from cache C:\Users\User\Desktop\appTodoList\todo_task\node_modules\scheduler\package.json
411 verbose from cache C:\Users\User\Desktop\appTodoList\todo_task\node_modules\shallowequal\package.json
412 verbose from cache C:\Users\User\Desktop\appTodoList\todo_task\node_modules\shebang-command\package.json
413 verbose from cache C:\Users\User\Desktop\appTodoList\todo_task\node_modules\shebang-regex\package.json
414 verbose from cache C:\Users\User\Desktop\appTodoList\todo_task\node_modules\signal-exit\package.json
415 verbose from cache C:\Users\User\Desktop\appTodoList\todo_task\node_modules\snake-case\package.json
416 verbose from cache C:\Users\User\Desktop\appTodoList\todo_task\node_modules\snakecase-keys\package.json
417 verbose from cache C:\Users\User\Desktop\appTodoList\todo_task\node_modules\sntp\package.json
418 verbose from cache C:\Users\User\Desktop\appTodoList\todo_task\node_modules\source-map-js\package.json
419 verbose from cache C:\Users\User\Desktop\appTodoList\todo_task\node_modules\sshpk\package.json
420 verbose from cache C:\Users\User\Desktop\appTodoList\todo_task\node_modules\streamsearch\package.json
421 verbose from cache C:\Users\User\Desktop\appTodoList\todo_task\node_modules\string-width\package.json
422 verbose from cache C:\Users\User\Desktop\appTodoList\todo_task\node_modules\string-width-cjs\package.json
423 verbose from cache C:\Users\User\Desktop\appTodoList\todo_task\node_modules\strip-ansi\package.json
424 verbose from cache C:\Users\User\Desktop\appTodoList\todo_task\node_modules\strip-ansi-cjs\package.json
425 verbose from cache C:\Users\User\Desktop\appTodoList\todo_task\node_modules\styled-components\package.json
426 verbose from cache C:\Users\User\Desktop\appTodoList\todo_task\node_modules\styled-jsx\package.json
427 verbose from cache C:\Users\User\Desktop\appTodoList\todo_task\node_modules\stylis\package.json
428 verbose from cache C:\Users\User\Desktop\appTodoList\todo_task\node_modules\sucrase\package.json
429 verbose from cache C:\Users\User\Desktop\appTodoList\todo_task\node_modules\supports-preserve-symlinks-flag\package.json
430 verbose from cache C:\Users\User\Desktop\appTodoList\todo_task\node_modules\swr\package.json
431 verbose from cache C:\Users\User\Desktop\appTodoList\todo_task\node_modules\tailwindcss\package.json
432 verbose from cache C:\Users\User\Desktop\appTodoList\todo_task\node_modules\thenify\package.json
433 verbose from cache C:\Users\User\Desktop\appTodoList\todo_task\node_modules\thenify-all\package.json
434 verbose from cache C:\Users\User\Desktop\appTodoList\todo_task\node_modules\to-no-case\package.json
435 verbose from cache C:\Users\User\Desktop\appTodoList\todo_task\node_modules\to-regex-range\package.json
436 verbose from cache C:\Users\User\Desktop\appTodoList\todo_task\node_modules\to-snake-case\package.json
437 verbose from cache C:\Users\User\Desktop\appTodoList\todo_task\node_modules\to-space-case\package.json
438 verbose from cache C:\Users\User\Desktop\appTodoList\todo_task\node_modules\tough-cookie\package.json
439 verbose from cache C:\Users\User\Desktop\appTodoList\todo_task\node_modules\ts-interface-checker\package.json
440 verbose from cache C:\Users\User\Desktop\appTodoList\todo_task\node_modules\tslib\package.json
441 verbose from cache C:\Users\User\Desktop\appTodoList\todo_task\node_modules\tunnel-agent\package.json
442 verbose from cache C:\Users\User\Desktop\appTodoList\todo_task\node_modules\tweetnacl\package.json
443 verbose from cache C:\Users\User\Desktop\appTodoList\todo_task\node_modules\type-fest\package.json
444 verbose from cache C:\Users\User\Desktop\appTodoList\todo_task\node_modules\typescript\package.json
445 verbose from cache C:\Users\User\Desktop\appTodoList\todo_task\node_modules\undici-types\package.json
446 verbose from cache C:\Users\User\Desktop\appTodoList\todo_task\node_modules\update-browserslist-db\package.json
447 verbose from cache C:\Users\User\Desktop\appTodoList\todo_task\node_modules\uri-js\package.json
448 verbose from cache C:\Users\User\Desktop\appTodoList\todo_task\node_modules\use-sync-external-store\package.json
449 verbose from cache C:\Users\User\Desktop\appTodoList\todo_task\node_modules\util-deprecate\package.json
450 verbose from cache C:\Users\User\Desktop\appTodoList\todo_task\node_modules\uuid\package.json
451 verbose from cache C:\Users\User\Desktop\appTodoList\todo_task\node_modules\verror\package.json
452 verbose from cache C:\Users\User\Desktop\appTodoList\todo_task\node_modules\webcrypto-core\package.json
453 verbose from cache C:\Users\User\Desktop\appTodoList\todo_task\node_modules\which\package.json
454 verbose from cache C:\Users\User\Desktop\appTodoList\todo_task\node_modules\wrap-ansi\package.json
455 verbose from cache C:\Users\User\Desktop\appTodoList\todo_task\node_modules\wrap-ansi-cjs\package.json
456 verbose from cache C:\Users\User\Desktop\appTodoList\todo_task\node_modules\yaml\package.json
457 verbose cache add [ '@types/node@^20', null ]
458 verbose cache add name=undefined spec="@types/node@^20" args=["@types/node@^20",null]
459 verbose parsed url { protocol: null,
459 verbose parsed url   slashes: null,
459 verbose parsed url   auth: null,
459 verbose parsed url   host: null,
459 verbose parsed url   port: null,
459 verbose parsed url   hostname: null,
459 verbose parsed url   hash: null,
459 verbose parsed url   search: null,
459 verbose parsed url   query: null,
459 verbose parsed url   pathname: '@types/node@^20',
459 verbose parsed url   path: '@types/node@^20',
459 verbose parsed url   href: '@types/node@^20' }
460 verbose cache add name="" spec="types/node@^20" args=["","types/node@^20"]
461 verbose parsed url { protocol: null,
461 verbose parsed url   slashes: null,
461 verbose parsed url   auth: null,
461 verbose parsed url   host: null,
461 verbose parsed url   port: null,
461 verbose parsed url   hostname: null,
461 verbose parsed url   hash: null,
461 verbose parsed url   search: null,
461 verbose parsed url   query: null,
461 verbose parsed url   pathname: 'types/node@^20',
461 verbose parsed url   path: 'types/node@^20',
461 verbose parsed url   href: 'types/node@^20' }
462 verbose cache add name="types/node" spec="^20" args=["types/node","^20"]
463 verbose parsed url { protocol: null,
463 verbose parsed url   slashes: null,
463 verbose parsed url   auth: null,
463 verbose parsed url   host: null,
463 verbose parsed url   port: null,
463 verbose parsed url   hostname: null,
463 verbose parsed url   hash: null,
463 verbose parsed url   search: null,
463 verbose parsed url   query: null,
463 verbose parsed url   pathname: '^20',
463 verbose parsed url   path: '^20',
463 verbose parsed url   href: '^20' }
464 verbose addNamed [ 'types/node', '^20' ]
465 verbose addNamed [ null, null ]
466 verbose cache add [ '@types/react@^18', null ]
467 verbose cache add name=undefined spec="@types/react@^18" args=["@types/react@^18",null]
468 verbose parsed url { protocol: null,
468 verbose parsed url   slashes: null,
468 verbose parsed url   auth: null,
468 verbose parsed url   host: null,
468 verbose parsed url   port: null,
468 verbose parsed url   hostname: null,
468 verbose parsed url   hash: null,
468 verbose parsed url   search: null,
468 verbose parsed url   query: null,
468 verbose parsed url   pathname: '@types/react@^18',
468 verbose parsed url   path: '@types/react@^18',
468 verbose parsed url   href: '@types/react@^18' }
469 verbose cache add name="" spec="types/react@^18" args=["","types/react@^18"]
470 verbose parsed url { protocol: null,
470 verbose parsed url   slashes: null,
470 verbose parsed url   auth: null,
470 verbose parsed url   host: null,
470 verbose parsed url   port: null,
470 verbose parsed url   hostname: null,
470 verbose parsed url   hash: null,
470 verbose parsed url   search: null,
470 verbose parsed url   query: null,
470 verbose parsed url   pathname: 'types/react@^18',
470 verbose parsed url   path: 'types/react@^18',
470 verbose parsed url   href: 'types/react@^18' }
471 verbose cache add name="types/react" spec="^18" args=["types/react","^18"]
472 verbose parsed url { protocol: null,
472 verbose parsed url   slashes: null,
472 verbose parsed url   auth: null,
472 verbose parsed url   host: null,
472 verbose parsed url   port: null,
472 verbose parsed url   hostname: null,
472 verbose parsed url   hash: null,
472 verbose parsed url   search: null,
472 verbose parsed url   query: null,
472 verbose parsed url   pathname: '^18',
472 verbose parsed url   path: '^18',
472 verbose parsed url   href: '^18' }
473 verbose addNamed [ 'types/react', '^18' ]
474 verbose addNamed [ null, null ]
475 verbose cache add [ '@types/react-dom@^18', null ]
476 verbose cache add name=undefined spec="@types/react-dom@^18" args=["@types/react-dom@^18",null]
477 verbose parsed url { protocol: null,
477 verbose parsed url   slashes: null,
477 verbose parsed url   auth: null,
477 verbose parsed url   host: null,
477 verbose parsed url   port: null,
477 verbose parsed url   hostname: null,
477 verbose parsed url   hash: null,
477 verbose parsed url   search: null,
477 verbose parsed url   query: null,
477 verbose parsed url   pathname: '@types/react-dom@^18',
477 verbose parsed url   path: '@types/react-dom@^18',
477 verbose parsed url   href: '@types/react-dom@^18' }
478 verbose cache add name="" spec="types/react-dom@^18" args=["","types/react-dom@^18"]
479 verbose parsed url { protocol: null,
479 verbose parsed url   slashes: null,
479 verbose parsed url   auth: null,
479 verbose parsed url   host: null,
479 verbose parsed url   port: null,
479 verbose parsed url   hostname: null,
479 verbose parsed url   hash: null,
479 verbose parsed url   search: null,
479 verbose parsed url   query: null,
479 verbose parsed url   pathname: 'types/react-dom@^18',
479 verbose parsed url   path: 'types/react-dom@^18',
479 verbose parsed url   href: 'types/react-dom@^18' }
480 verbose cache add name="types/react-dom" spec="^18" args=["types/react-dom","^18"]
481 verbose parsed url { protocol: null,
481 verbose parsed url   slashes: null,
481 verbose parsed url   auth: null,
481 verbose parsed url   host: null,
481 verbose parsed url   port: null,
481 verbose parsed url   hostname: null,
481 verbose parsed url   hash: null,
481 verbose parsed url   search: null,
481 verbose parsed url   query: null,
481 verbose parsed url   pathname: '^18',
481 verbose parsed url   path: '^18',
481 verbose parsed url   href: '^18' }
482 verbose addNamed [ 'types/react-dom', '^18' ]
483 verbose addNamed [ null, null ]
484 verbose cache add [ 'autoprefixer@^10.0.1', null ]
485 verbose cache add name=undefined spec="autoprefixer@^10.0.1" args=["autoprefixer@^10.0.1",null]
486 verbose parsed url { protocol: null,
486 verbose parsed url   slashes: null,
486 verbose parsed url   auth: null,
486 verbose parsed url   host: null,
486 verbose parsed url   port: null,
486 verbose parsed url   hostname: null,
486 verbose parsed url   hash: null,
486 verbose parsed url   search: null,
486 verbose parsed url   query: null,
486 verbose parsed url   pathname: 'autoprefixer@^10.0.1',
486 verbose parsed url   path: 'autoprefixer@^10.0.1',
486 verbose parsed url   href: 'autoprefixer@^10.0.1' }
487 verbose cache add name="autoprefixer" spec="^10.0.1" args=["autoprefixer","^10.0.1"]
488 verbose parsed url { protocol: null,
488 verbose parsed url   slashes: null,
488 verbose parsed url   auth: null,
488 verbose parsed url   host: null,
488 verbose parsed url   port: null,
488 verbose parsed url   hostname: null,
488 verbose parsed url   hash: null,
488 verbose parsed url   search: null,
488 verbose parsed url   query: null,
488 verbose parsed url   pathname: '^10.0.1',
488 verbose parsed url   path: '^10.0.1',
488 verbose parsed url   href: '^10.0.1' }
489 verbose addNamed [ 'autoprefixer', '^10.0.1' ]
490 verbose addNamed [ null, null ]
491 verbose cache add [ 'postcss@^8', null ]
492 verbose cache add name=undefined spec="postcss@^8" args=["postcss@^8",null]
493 verbose parsed url { protocol: null,
493 verbose parsed url   slashes: null,
493 verbose parsed url   auth: null,
493 verbose parsed url   host: null,
493 verbose parsed url   port: null,
493 verbose parsed url   hostname: null,
493 verbose parsed url   hash: null,
493 verbose parsed url   search: null,
493 verbose parsed url   query: null,
493 verbose parsed url   pathname: 'postcss@^8',
493 verbose parsed url   path: 'postcss@^8',
493 verbose parsed url   href: 'postcss@^8' }
494 verbose cache add name="postcss" spec="^8" args=["postcss","^8"]
495 verbose parsed url { protocol: null,
495 verbose parsed url   slashes: null,
495 verbose parsed url   auth: null,
495 verbose parsed url   host: null,
495 verbose parsed url   port: null,
495 verbose parsed url   hostname: null,
495 verbose parsed url   hash: null,
495 verbose parsed url   search: null,
495 verbose parsed url   query: null,
495 verbose parsed url   pathname: '^8',
495 verbose parsed url   path: '^8',
495 verbose parsed url   href: '^8' }
496 verbose addNamed [ 'postcss', '^8' ]
497 verbose addNamed [ null, null ]
498 verbose cache add [ 'prisma@^5.12.0', null ]
499 verbose cache add name=undefined spec="prisma@^5.12.0" args=["prisma@^5.12.0",null]
500 verbose parsed url { protocol: null,
500 verbose parsed url   slashes: null,
500 verbose parsed url   auth: null,
500 verbose parsed url   host: null,
500 verbose parsed url   port: null,
500 verbose parsed url   hostname: null,
500 verbose parsed url   hash: null,
500 verbose parsed url   search: null,
500 verbose parsed url   query: null,
500 verbose parsed url   pathname: 'prisma@^5.12.0',
500 verbose parsed url   path: 'prisma@^5.12.0',
500 verbose parsed url   href: 'prisma@^5.12.0' }
501 verbose cache add name="prisma" spec="^5.12.0" args=["prisma","^5.12.0"]
502 verbose parsed url { protocol: null,
502 verbose parsed url   slashes: null,
502 verbose parsed url   auth: null,
502 verbose parsed url   host: null,
502 verbose parsed url   port: null,
502 verbose parsed url   hostname: null,
502 verbose parsed url   hash: null,
502 verbose parsed url   search: null,
502 verbose parsed url   query: null,
502 verbose parsed url   pathname: '^5.12.0',
502 verbose parsed url   path: '^5.12.0',
502 verbose parsed url   href: '^5.12.0' }
503 verbose addNamed [ 'prisma', '^5.12.0' ]
504 verbose addNamed [ null, null ]
505 verbose cache add [ 'tailwindcss@^3.4.3', null ]
506 verbose cache add name=undefined spec="tailwindcss@^3.4.3" args=["tailwindcss@^3.4.3",null]
507 verbose parsed url { protocol: null,
507 verbose parsed url   slashes: null,
507 verbose parsed url   auth: null,
507 verbose parsed url   host: null,
507 verbose parsed url   port: null,
507 verbose parsed url   hostname: null,
507 verbose parsed url   hash: null,
507 verbose parsed url   search: null,
507 verbose parsed url   query: null,
507 verbose parsed url   pathname: 'tailwindcss@^3.4.3',
507 verbose parsed url   path: 'tailwindcss@^3.4.3',
507 verbose parsed url   href: 'tailwindcss@^3.4.3' }
508 verbose cache add name="tailwindcss" spec="^3.4.3" args=["tailwindcss","^3.4.3"]
509 verbose parsed url { protocol: null,
509 verbose parsed url   slashes: null,
509 verbose parsed url   auth: null,
509 verbose parsed url   host: null,
509 verbose parsed url   port: null,
509 verbose parsed url   hostname: null,
509 verbose parsed url   hash: null,
509 verbose parsed url   search: null,
509 verbose parsed url   query: null,
509 verbose parsed url   pathname: '^3.4.3',
509 verbose parsed url   path: '^3.4.3',
509 verbose parsed url   href: '^3.4.3' }
510 verbose addNamed [ 'tailwindcss', '^3.4.3' ]
511 verbose addNamed [ null, null ]
512 verbose cache add [ 'typescript@^5', null ]
513 verbose cache add name=undefined spec="typescript@^5" args=["typescript@^5",null]
514 verbose parsed url { protocol: null,
514 verbose parsed url   slashes: null,
514 verbose parsed url   auth: null,
514 verbose parsed url   host: null,
514 verbose parsed url   port: null,
514 verbose parsed url   hostname: null,
514 verbose parsed url   hash: null,
514 verbose parsed url   search: null,
514 verbose parsed url   query: null,
514 verbose parsed url   pathname: 'typescript@^5',
514 verbose parsed url   path: 'typescript@^5',
514 verbose parsed url   href: 'typescript@^5' }
515 verbose cache add name="typescript" spec="^5" args=["typescript","^5"]
516 verbose parsed url { protocol: null,
516 verbose parsed url   slashes: null,
516 verbose parsed url   auth: null,
516 verbose parsed url   host: null,
516 verbose parsed url   port: null,
516 verbose parsed url   hostname: null,
516 verbose parsed url   hash: null,
516 verbose parsed url   search: null,
516 verbose parsed url   query: null,
516 verbose parsed url   pathname: '^5',
516 verbose parsed url   path: '^5',
516 verbose parsed url   href: '^5' }
517 verbose addNamed [ 'typescript', '^5' ]
518 verbose addNamed [ null, null ]
519 silly lockFile b06435a3-types-node-20 types/node@^20
520 verbose lock types/node@^20 C:\Users\User\AppData\Roaming\npm-cache\b06435a3-types-node-20.lock
521 silly lockFile a211b094-types-react-18 types/react@^18
522 verbose lock types/react@^18 C:\Users\User\AppData\Roaming\npm-cache\a211b094-types-react-18.lock
523 silly lockFile 5bb2736f-types-react-dom-18 types/react-dom@^18
524 verbose lock types/react-dom@^18 C:\Users\User\AppData\Roaming\npm-cache\5bb2736f-types-react-dom-18.lock
525 silly lockFile e799e2df-postcss-8 postcss@^8
526 verbose lock postcss@^8 C:\Users\User\AppData\Roaming\npm-cache\e799e2df-postcss-8.lock
527 silly lockFile d4a1f636-prisma-5-12-0 prisma@^5.12.0
528 verbose lock prisma@^5.12.0 C:\Users\User\AppData\Roaming\npm-cache\d4a1f636-prisma-5-12-0.lock
529 silly lockFile c710e5ad-autoprefixer-10-0-1 autoprefixer@^10.0.1
530 verbose lock autoprefixer@^10.0.1 C:\Users\User\AppData\Roaming\npm-cache\c710e5ad-autoprefixer-10-0-1.lock
531 silly lockFile 7a594070-tailwindcss-3-4-3 tailwindcss@^3.4.3
532 verbose lock tailwindcss@^3.4.3 C:\Users\User\AppData\Roaming\npm-cache\7a594070-tailwindcss-3-4-3.lock
533 silly lockFile a3a15829-typescript-5 typescript@^5
534 verbose lock typescript@^5 C:\Users\User\AppData\Roaming\npm-cache\a3a15829-typescript-5.lock
535 info addNameTag [ 'types/node', '^20' ]
536 info addNameTag [ 'types/react', '^18' ]
537 info addNameTag [ 'types/react-dom', '^18' ]
538 info addNameTag [ 'postcss', '^8' ]
539 info addNameTag [ 'tailwindcss', '^3.4.3' ]
540 info addNameTag [ 'prisma', '^5.12.0' ]
541 info addNameTag [ 'typescript', '^5' ]
542 info addNameTag [ 'autoprefixer', '^10.0.1' ]
543 verbose url raw types/node
544 verbose url resolving [ 'https://registry.npmjs.org/', './types/node' ]
545 verbose url resolved https://registry.npmjs.org/types/node
546 info trying registry request attempt 1 at 17:28:20
547 http GET https://registry.npmjs.org/types/node
548 verbose cache add [ '@clerk/nextjs@^4.29.11', null ]
549 verbose cache add name=undefined spec="@clerk/nextjs@^4.29.11" args=["@clerk/nextjs@^4.29.11",null]
550 verbose parsed url { protocol: null,
550 verbose parsed url   slashes: null,
550 verbose parsed url   auth: null,
550 verbose parsed url   host: null,
550 verbose parsed url   port: null,
550 verbose parsed url   hostname: null,
550 verbose parsed url   hash: null,
550 verbose parsed url   search: null,
550 verbose parsed url   query: null,
550 verbose parsed url   pathname: '@clerk/nextjs@^4.29.11',
550 verbose parsed url   path: '@clerk/nextjs@^4.29.11',
550 verbose parsed url   href: '@clerk/nextjs@^4.29.11' }
551 verbose cache add name="" spec="clerk/nextjs@^4.29.11" args=["","clerk/nextjs@^4.29.11"]
552 verbose parsed url { protocol: null,
552 verbose parsed url   slashes: null,
552 verbose parsed url   auth: null,
552 verbose parsed url   host: null,
552 verbose parsed url   port: null,
552 verbose parsed url   hostname: null,
552 verbose parsed url   hash: null,
552 verbose parsed url   search: null,
552 verbose parsed url   query: null,
552 verbose parsed url   pathname: 'clerk/nextjs@^4.29.11',
552 verbose parsed url   path: 'clerk/nextjs@^4.29.11',
552 verbose parsed url   href: 'clerk/nextjs@^4.29.11' }
553 verbose cache add name="clerk/nextjs" spec="^4.29.11" args=["clerk/nextjs","^4.29.11"]
554 verbose parsed url { protocol: null,
554 verbose parsed url   slashes: null,
554 verbose parsed url   auth: null,
554 verbose parsed url   host: null,
554 verbose parsed url   port: null,
554 verbose parsed url   hostname: null,
554 verbose parsed url   hash: null,
554 verbose parsed url   search: null,
554 verbose parsed url   query: null,
554 verbose parsed url   pathname: '^4.29.11',
554 verbose parsed url   path: '^4.29.11',
554 verbose parsed url   href: '^4.29.11' }
555 verbose addNamed [ 'clerk/nextjs', '^4.29.11' ]
556 verbose addNamed [ null, null ]
557 silly lockFile dc9e0dee-clerk-nextjs-4-29-11 clerk/nextjs@^4.29.11
558 verbose lock clerk/nextjs@^4.29.11 C:\Users\User\AppData\Roaming\npm-cache\dc9e0dee-clerk-nextjs-4-29-11.lock
559 verbose cache add [ '@prisma/client@^5.12.0', null ]
560 verbose cache add name=undefined spec="@prisma/client@^5.12.0" args=["@prisma/client@^5.12.0",null]
561 verbose parsed url { protocol: null,
561 verbose parsed url   slashes: null,
561 verbose parsed url   auth: null,
561 verbose parsed url   host: null,
561 verbose parsed url   port: null,
561 verbose parsed url   hostname: null,
561 verbose parsed url   hash: null,
561 verbose parsed url   search: null,
561 verbose parsed url   query: null,
561 verbose parsed url   pathname: '@prisma/client@^5.12.0',
561 verbose parsed url   path: '@prisma/client@^5.12.0',
561 verbose parsed url   href: '@prisma/client@^5.12.0' }
562 verbose cache add name="" spec="prisma/client@^5.12.0" args=["","prisma/client@^5.12.0"]
563 verbose parsed url { protocol: null,
563 verbose parsed url   slashes: null,
563 verbose parsed url   auth: null,
563 verbose parsed url   host: null,
563 verbose parsed url   port: null,
563 verbose parsed url   hostname: null,
563 verbose parsed url   hash: null,
563 verbose parsed url   search: null,
563 verbose parsed url   query: null,
563 verbose parsed url   pathname: 'prisma/client@^5.12.0',
563 verbose parsed url   path: 'prisma/client@^5.12.0',
563 verbose parsed url   href: 'prisma/client@^5.12.0' }
564 verbose cache add name="prisma/client" spec="^5.12.0" args=["prisma/client","^5.12.0"]
565 verbose parsed url { protocol: null,
565 verbose parsed url   slashes: null,
565 verbose parsed url   auth: null,
565 verbose parsed url   host: null,
565 verbose parsed url   port: null,
565 verbose parsed url   hostname: null,
565 verbose parsed url   hash: null,
565 verbose parsed url   search: null,
565 verbose parsed url   query: null,
565 verbose parsed url   pathname: '^5.12.0',
565 verbose parsed url   path: '^5.12.0',
565 verbose parsed url   href: '^5.12.0' }
566 verbose addNamed [ 'prisma/client', '^5.12.0' ]
567 verbose addNamed [ null, null ]
568 silly lockFile b576ff06-prisma-client-5-12-0 prisma/client@^5.12.0
569 verbose lock prisma/client@^5.12.0 C:\Users\User\AppData\Roaming\npm-cache\b576ff06-prisma-client-5-12-0.lock
570 verbose cache add [ 'axios@^1.6.8', null ]
571 verbose cache add name=undefined spec="axios@^1.6.8" args=["axios@^1.6.8",null]
572 verbose parsed url { protocol: null,
572 verbose parsed url   slashes: null,
572 verbose parsed url   auth: null,
572 verbose parsed url   host: null,
572 verbose parsed url   port: null,
572 verbose parsed url   hostname: null,
572 verbose parsed url   hash: null,
572 verbose parsed url   search: null,
572 verbose parsed url   query: null,
572 verbose parsed url   pathname: 'axios@^1.6.8',
572 verbose parsed url   path: 'axios@^1.6.8',
572 verbose parsed url   href: 'axios@^1.6.8' }
573 verbose cache add name="axios" spec="^1.6.8" args=["axios","^1.6.8"]
574 verbose parsed url { protocol: null,
574 verbose parsed url   slashes: null,
574 verbose parsed url   auth: null,
574 verbose parsed url   host: null,
574 verbose parsed url   port: null,
574 verbose parsed url   hostname: null,
574 verbose parsed url   hash: null,
574 verbose parsed url   search: null,
574 verbose parsed url   query: null,
574 verbose parsed url   pathname: '^1.6.8',
574 verbose parsed url   path: '^1.6.8',
574 verbose parsed url   href: '^1.6.8' }
575 verbose addNamed [ 'axios', '^1.6.8' ]
576 verbose addNamed [ null, null ]
577 silly lockFile 266130a8-axios-1-6-8 axios@^1.6.8
578 verbose lock axios@^1.6.8 C:\Users\User\AppData\Roaming\npm-cache\266130a8-axios-1-6-8.lock
579 verbose cache add [ 'clerk@^0.6.1', null ]
580 verbose cache add name=undefined spec="clerk@^0.6.1" args=["clerk@^0.6.1",null]
581 verbose parsed url { protocol: null,
581 verbose parsed url   slashes: null,
581 verbose parsed url   auth: null,
581 verbose parsed url   host: null,
581 verbose parsed url   port: null,
581 verbose parsed url   hostname: null,
581 verbose parsed url   hash: null,
581 verbose parsed url   search: null,
581 verbose parsed url   query: null,
581 verbose parsed url   pathname: 'clerk@^0.6.1',
581 verbose parsed url   path: 'clerk@^0.6.1',
581 verbose parsed url   href: 'clerk@^0.6.1' }
582 verbose cache add name="clerk" spec="^0.6.1" args=["clerk","^0.6.1"]
583 verbose parsed url { protocol: null,
583 verbose parsed url   slashes: null,
583 verbose parsed url   auth: null,
583 verbose parsed url   host: null,
583 verbose parsed url   port: null,
583 verbose parsed url   hostname: null,
583 verbose parsed url   hash: null,
583 verbose parsed url   search: null,
583 verbose parsed url   query: null,
583 verbose parsed url   pathname: '^0.6.1',
583 verbose parsed url   path: '^0.6.1',
583 verbose parsed url   href: '^0.6.1' }
584 verbose addNamed [ 'clerk', '^0.6.1' ]
585 verbose addNamed [ null, null ]
586 silly lockFile 547d5725-clerk-0-6-1 clerk@^0.6.1
587 verbose lock clerk@^0.6.1 C:\Users\User\AppData\Roaming\npm-cache\547d5725-clerk-0-6-1.lock
588 verbose already installed skipping next@14.1.4 C:\Users\User\Desktop\appTodoList\todo_task
589 verbose cache add [ 'react@^18', null ]
590 verbose cache add name=undefined spec="react@^18" args=["react@^18",null]
591 verbose parsed url { protocol: null,
591 verbose parsed url   slashes: null,
591 verbose parsed url   auth: null,
591 verbose parsed url   host: null,
591 verbose parsed url   port: null,
591 verbose parsed url   hostname: null,
591 verbose parsed url   hash: null,
591 verbose parsed url   search: null,
591 verbose parsed url   query: null,
591 verbose parsed url   pathname: 'react@^18',
591 verbose parsed url   path: 'react@^18',
591 verbose parsed url   href: 'react@^18' }
592 verbose cache add name="react" spec="^18" args=["react","^18"]
593 verbose parsed url { protocol: null,
593 verbose parsed url   slashes: null,
593 verbose parsed url   auth: null,
593 verbose parsed url   host: null,
593 verbose parsed url   port: null,
593 verbose parsed url   hostname: null,
593 verbose parsed url   hash: null,
593 verbose parsed url   search: null,
593 verbose parsed url   query: null,
593 verbose parsed url   pathname: '^18',
593 verbose parsed url   path: '^18',
593 verbose parsed url   href: '^18' }
594 verbose addNamed [ 'react', '^18' ]
595 verbose addNamed [ null, null ]
596 silly lockFile c3a9a20f-react-18 react@^18
597 verbose lock react@^18 C:\Users\User\AppData\Roaming\npm-cache\c3a9a20f-react-18.lock
598 verbose cache add [ 'react-dom@^18', null ]
599 verbose cache add name=undefined spec="react-dom@^18" args=["react-dom@^18",null]
600 verbose parsed url { protocol: null,
600 verbose parsed url   slashes: null,
600 verbose parsed url   auth: null,
600 verbose parsed url   host: null,
600 verbose parsed url   port: null,
600 verbose parsed url   hostname: null,
600 verbose parsed url   hash: null,
600 verbose parsed url   search: null,
600 verbose parsed url   query: null,
600 verbose parsed url   pathname: 'react-dom@^18',
600 verbose parsed url   path: 'react-dom@^18',
600 verbose parsed url   href: 'react-dom@^18' }
601 verbose cache add name="react-dom" spec="^18" args=["react-dom","^18"]
602 verbose parsed url { protocol: null,
602 verbose parsed url   slashes: null,
602 verbose parsed url   auth: null,
602 verbose parsed url   host: null,
602 verbose parsed url   port: null,
602 verbose parsed url   hostname: null,
602 verbose parsed url   hash: null,
602 verbose parsed url   search: null,
602 verbose parsed url   query: null,
602 verbose parsed url   pathname: '^18',
602 verbose parsed url   path: '^18',
602 verbose parsed url   href: '^18' }
603 verbose addNamed [ 'react-dom', '^18' ]
604 verbose addNamed [ null, null ]
605 silly lockFile 8cc72183-react-dom-18 react-dom@^18
606 verbose lock react-dom@^18 C:\Users\User\AppData\Roaming\npm-cache\8cc72183-react-dom-18.lock
607 verbose cache add [ 'react-hot-toast@^2.4.1', null ]
608 verbose cache add name=undefined spec="react-hot-toast@^2.4.1" args=["react-hot-toast@^2.4.1",null]
609 verbose parsed url { protocol: null,
609 verbose parsed url   slashes: null,
609 verbose parsed url   auth: null,
609 verbose parsed url   host: null,
609 verbose parsed url   port: null,
609 verbose parsed url   hostname: null,
609 verbose parsed url   hash: null,
609 verbose parsed url   search: null,
609 verbose parsed url   query: null,
609 verbose parsed url   pathname: 'react-hot-toast@^2.4.1',
609 verbose parsed url   path: 'react-hot-toast@^2.4.1',
609 verbose parsed url   href: 'react-hot-toast@^2.4.1' }
610 verbose cache add name="react-hot-toast" spec="^2.4.1" args=["react-hot-toast","^2.4.1"]
611 verbose parsed url { protocol: null,
611 verbose parsed url   slashes: null,
611 verbose parsed url   auth: null,
611 verbose parsed url   host: null,
611 verbose parsed url   port: null,
611 verbose parsed url   hostname: null,
611 verbose parsed url   hash: null,
611 verbose parsed url   search: null,
611 verbose parsed url   query: null,
611 verbose parsed url   pathname: '^2.4.1',
611 verbose parsed url   path: '^2.4.1',
611 verbose parsed url   href: '^2.4.1' }
612 verbose addNamed [ 'react-hot-toast', '^2.4.1' ]
613 verbose addNamed [ null, null ]
614 silly lockFile 4ab5bc26-react-hot-toast-2-4-1 react-hot-toast@^2.4.1
615 verbose lock react-hot-toast@^2.4.1 C:\Users\User\AppData\Roaming\npm-cache\4ab5bc26-react-hot-toast-2-4-1.lock
616 verbose cache add [ 'styled-components@^6.1.8', null ]
617 verbose cache add name=undefined spec="styled-components@^6.1.8" args=["styled-components@^6.1.8",null]
618 verbose parsed url { protocol: null,
618 verbose parsed url   slashes: null,
618 verbose parsed url   auth: null,
618 verbose parsed url   host: null,
618 verbose parsed url   port: null,
618 verbose parsed url   hostname: null,
618 verbose parsed url   hash: null,
618 verbose parsed url   search: null,
618 verbose parsed url   query: null,
618 verbose parsed url   pathname: 'styled-components@^6.1.8',
618 verbose parsed url   path: 'styled-components@^6.1.8',
618 verbose parsed url   href: 'styled-components@^6.1.8' }
619 verbose cache add name="styled-components" spec="^6.1.8" args=["styled-components","^6.1.8"]
620 verbose parsed url { protocol: null,
620 verbose parsed url   slashes: null,
620 verbose parsed url   auth: null,
620 verbose parsed url   host: null,
620 verbose parsed url   port: null,
620 verbose parsed url   hostname: null,
620 verbose parsed url   hash: null,
620 verbose parsed url   search: null,
620 verbose parsed url   query: null,
620 verbose parsed url   pathname: '^6.1.8',
620 verbose parsed url   path: '^6.1.8',
620 verbose parsed url   href: '^6.1.8' }
621 verbose addNamed [ 'styled-components', '^6.1.8' ]
622 verbose addNamed [ null, null ]
623 silly lockFile 55698cc5-styled-components-6-1-8 styled-components@^6.1.8
624 verbose lock styled-components@^6.1.8 C:\Users\User\AppData\Roaming\npm-cache\55698cc5-styled-components-6-1-8.lock
625 verbose url raw types/react
626 verbose url resolving [ 'https://registry.npmjs.org/', './types/react' ]
627 verbose url resolved https://registry.npmjs.org/types/react
628 info trying registry request attempt 1 at 17:28:20
629 http GET https://registry.npmjs.org/types/react
630 verbose url raw types/react-dom
631 verbose url resolving [ 'https://registry.npmjs.org/', './types/react-dom' ]
632 verbose url resolved https://registry.npmjs.org/types/react-dom
633 info trying registry request attempt 1 at 17:28:20
634 http GET https://registry.npmjs.org/types/react-dom
635 verbose url raw postcss
636 verbose url resolving [ 'https://registry.npmjs.org/', './postcss' ]
637 verbose url resolved https://registry.npmjs.org/postcss
638 info trying registry request attempt 1 at 17:28:20
639 http GET https://registry.npmjs.org/postcss
640 verbose url raw tailwindcss
641 verbose url resolving [ 'https://registry.npmjs.org/', './tailwindcss' ]
642 verbose url resolved https://registry.npmjs.org/tailwindcss
643 info trying registry request attempt 1 at 17:28:20
644 http GET https://registry.npmjs.org/tailwindcss
645 verbose url raw prisma
646 verbose url resolving [ 'https://registry.npmjs.org/', './prisma' ]
647 verbose url resolved https://registry.npmjs.org/prisma
648 info trying registry request attempt 1 at 17:28:20
649 http GET https://registry.npmjs.org/prisma
650 verbose url raw typescript
651 verbose url resolving [ 'https://registry.npmjs.org/', './typescript' ]
652 verbose url resolved https://registry.npmjs.org/typescript
653 info trying registry request attempt 1 at 17:28:20
654 http GET https://registry.npmjs.org/typescript
655 verbose url raw autoprefixer
656 verbose url resolving [ 'https://registry.npmjs.org/', './autoprefixer' ]
657 verbose url resolved https://registry.npmjs.org/autoprefixer
658 info trying registry request attempt 1 at 17:28:20
659 http GET https://registry.npmjs.org/autoprefixer
660 info addNameTag [ 'clerk/nextjs', '^4.29.11' ]
661 info addNameTag [ 'prisma/client', '^5.12.0' ]
662 info addNameTag [ 'axios', '^1.6.8' ]
663 info addNameTag [ 'clerk', '^0.6.1' ]
664 info addNameTag [ 'react', '^18' ]
665 info addNameTag [ 'react-dom', '^18' ]
666 info addNameTag [ 'react-hot-toast', '^2.4.1' ]
667 info addNameTag [ 'styled-components', '^6.1.8' ]
668 verbose url raw clerk/nextjs
669 verbose url resolving [ 'https://registry.npmjs.org/', './clerk/nextjs' ]
670 verbose url resolved https://registry.npmjs.org/clerk/nextjs
671 info trying registry request attempt 1 at 17:28:20
672 http GET https://registry.npmjs.org/clerk/nextjs
673 verbose url raw axios
674 verbose url resolving [ 'https://registry.npmjs.org/', './axios' ]
675 verbose url resolved https://registry.npmjs.org/axios
676 info trying registry request attempt 1 at 17:28:20
677 http GET https://registry.npmjs.org/axios
678 verbose url raw prisma/client
679 verbose url resolving [ 'https://registry.npmjs.org/', './prisma/client' ]
680 verbose url resolved https://registry.npmjs.org/prisma/client
681 info trying registry request attempt 1 at 17:28:20
682 http GET https://registry.npmjs.org/prisma/client
683 verbose url raw clerk
684 verbose url resolving [ 'https://registry.npmjs.org/', './clerk' ]
685 verbose url resolved https://registry.npmjs.org/clerk
686 info trying registry request attempt 1 at 17:28:20
687 http GET https://registry.npmjs.org/clerk
688 verbose url raw react
689 verbose url resolving [ 'https://registry.npmjs.org/', './react' ]
690 verbose url resolved https://registry.npmjs.org/react
691 info trying registry request attempt 1 at 17:28:20
692 http GET https://registry.npmjs.org/react
693 verbose url raw react-dom
694 verbose url resolving [ 'https://registry.npmjs.org/', './react-dom' ]
695 verbose url resolved https://registry.npmjs.org/react-dom
696 info trying registry request attempt 1 at 17:28:20
697 http GET https://registry.npmjs.org/react-dom
698 verbose url raw react-hot-toast
699 verbose url resolving [ 'https://registry.npmjs.org/', './react-hot-toast' ]
700 verbose url resolved https://registry.npmjs.org/react-hot-toast
701 info trying registry request attempt 1 at 17:28:20
702 http GET https://registry.npmjs.org/react-hot-toast
703 verbose url raw styled-components
704 verbose url resolving [ 'https://registry.npmjs.org/', './styled-components' ]
705 verbose url resolved https://registry.npmjs.org/styled-components
706 info trying registry request attempt 1 at 17:28:20
707 http GET https://registry.npmjs.org/styled-components
708 info retry will retry, error on last attempt: Error: CERT_UNTRUSTED
709 info retry will retry, error on last attempt: Error: CERT_UNTRUSTED
710 info retry will retry, error on last attempt: Error: CERT_UNTRUSTED
711 info retry will retry, error on last attempt: Error: CERT_UNTRUSTED
712 info retry will retry, error on last attempt: Error: CERT_UNTRUSTED
713 info retry will retry, error on last attempt: Error: CERT_UNTRUSTED
714 info retry will retry, error on last attempt: Error: CERT_UNTRUSTED
715 info retry will retry, error on last attempt: Error: CERT_UNTRUSTED
716 info retry will retry, error on last attempt: Error: CERT_UNTRUSTED
717 info retry will retry, error on last attempt: Error: CERT_UNTRUSTED
718 info retry will retry, error on last attempt: Error: CERT_UNTRUSTED
719 info retry will retry, error on last attempt: Error: CERT_UNTRUSTED
720 info retry will retry, error on last attempt: Error: CERT_UNTRUSTED
721 info retry will retry, error on last attempt: Error: CERT_UNTRUSTED
722 info retry will retry, error on last attempt: Error: CERT_UNTRUSTED
723 info retry will retry, error on last attempt: Error: CERT_UNTRUSTED
724 info trying registry request attempt 2 at 17:28:30
725 http GET https://registry.npmjs.org/types/node
726 info trying registry request attempt 2 at 17:28:30
727 http GET https://registry.npmjs.org/types/react
728 info trying registry request attempt 2 at 17:28:30
729 http GET https://registry.npmjs.org/postcss
730 info trying registry request attempt 2 at 17:28:30
731 http GET https://registry.npmjs.org/tailwindcss
732 info trying registry request attempt 2 at 17:28:30
733 http GET https://registry.npmjs.org/types/react-dom
734 info retry will retry, error on last attempt: Error: CERT_UNTRUSTED
735 info retry will retry, error on last attempt: Error: CERT_UNTRUSTED
736 info retry will retry, error on last attempt: Error: CERT_UNTRUSTED
737 info retry will retry, error on last attempt: Error: CERT_UNTRUSTED
738 info retry will retry, error on last attempt: Error: CERT_UNTRUSTED
739 info trying registry request attempt 2 at 17:28:30
740 http GET https://registry.npmjs.org/prisma
741 info trying registry request attempt 2 at 17:28:30
742 http GET https://registry.npmjs.org/autoprefixer
743 info trying registry request attempt 2 at 17:28:30
744 http GET https://registry.npmjs.org/typescript
745 info trying registry request attempt 2 at 17:28:30
746 http GET https://registry.npmjs.org/clerk/nextjs
747 info trying registry request attempt 2 at 17:28:30
748 http GET https://registry.npmjs.org/axios
749 info trying registry request attempt 2 at 17:28:30
750 http GET https://registry.npmjs.org/prisma/client
751 info trying registry request attempt 2 at 17:28:30
752 http GET https://registry.npmjs.org/react-dom
753 info trying registry request attempt 2 at 17:28:30
754 http GET https://registry.npmjs.org/react-hot-toast
755 info trying registry request attempt 2 at 17:28:30
756 http GET https://registry.npmjs.org/clerk
757 info trying registry request attempt 2 at 17:28:30
758 http GET https://registry.npmjs.org/react
759 info retry will retry, error on last attempt: Error: CERT_UNTRUSTED
760 info retry will retry, error on last attempt: Error: CERT_UNTRUSTED
761 info retry will retry, error on last attempt: Error: CERT_UNTRUSTED
762 info retry will retry, error on last attempt: Error: CERT_UNTRUSTED
763 info retry will retry, error on last attempt: Error: CERT_UNTRUSTED
764 info trying registry request attempt 2 at 17:28:30
765 http GET https://registry.npmjs.org/styled-components
766 info retry will retry, error on last attempt: Error: CERT_UNTRUSTED
767 info retry will retry, error on last attempt: Error: CERT_UNTRUSTED
768 info retry will retry, error on last attempt: Error: CERT_UNTRUSTED
769 info retry will retry, error on last attempt: Error: CERT_UNTRUSTED
770 info retry will retry, error on last attempt: Error: CERT_UNTRUSTED
771 info retry will retry, error on last attempt: Error: CERT_UNTRUSTED
772 info trying registry request attempt 3 at 17:29:30
773 http GET https://registry.npmjs.org/tailwindcss
774 info trying registry request attempt 3 at 17:29:30
775 http GET https://registry.npmjs.org/postcss
776 info trying registry request attempt 3 at 17:29:30
777 http GET https://registry.npmjs.org/types/react
778 info trying registry request attempt 3 at 17:29:30
779 http GET https://registry.npmjs.org/types/node
780 info trying registry request attempt 3 at 17:29:30
781 http GET https://registry.npmjs.org/types/react-dom
782 silly lockFile a211b094-types-react-18 types/react@^18
783 silly lockFile a211b094-types-react-18 types/react@^18
784 silly lockFile e799e2df-postcss-8 postcss@^8
785 silly lockFile e799e2df-postcss-8 postcss@^8
786 error Error: CERT_UNTRUSTED
786 error     at SecurePair.<anonymous> (tls.js:1271:32)
786 error     at SecurePair.EventEmitter.emit (events.js:92:17)
786 error     at SecurePair.maybeInitFinished (tls.js:883:10)
786 error     at CleartextStream.read [as _read] (tls.js:421:15)
786 error     at CleartextStream.Readable.read (_stream_readable.js:293:10)
786 error     at EncryptedStream.write [as _write] (tls.js:330:25)
786 error     at doWrite (_stream_writable.js:211:10)
786 error     at writeOrBuffer (_stream_writable.js:201:5)
786 error     at EncryptedStream.Writable.write (_stream_writable.js:172:11)
786 error     at write (_stream_readable.js:547:24)
786 error     at flow (_stream_readable.js:556:7)
787 error If you need help, you may report this log at:
787 error     <http://github.com/isaacs/npm/issues>
787 error or email it to:
787 error     <npm-@googlegroups.com>
788 error System Windows_NT 6.2.9200
789 error command "C:\\Program Files\\nodejs\\\\node.exe" "C:\\Program Files\\nodejs\\node_modules\\npm\\bin\\npm-cli.js" "install"
790 error cwd C:\Users\User\Desktop\appTodoList\todo_task
791 error node -v v0.10.0
792 error npm -v 1.2.14
793 verbose exit [ 1, true ]
